<?xml version="1.0" encoding="UTF-8"?>
<!-- Generated by org.testng.reporters.JUnitXMLReporter -->
<testsuite ignored="3" hostname="EN1210542" failures="1" tests="3" name="Car Loan" time="0.04" errors="0" timestamp="2024-10-24T18:21:13 EEST">
  <testcase classname="Tests.day3" name="LoginApiCarLoan" time="0.006"/>
  <testcase classname="Tests.day3" name="WebLoginCarLoan" time="0.001"/>
  <testcase classname="Tests.day3" name="login" time="0.0">
    <failure type="org.testng.TestNGException" message="
Parameter &amp;apos;APIKey/username&amp;apos; is required by @Test on method login but has not been marked @Optional or defined
in C:\Users\mfron\eclipse-workspace\TestNG\testng.xml">
      <![CDATA[org.testng.TestNGException: 
Parameter 'APIKey/username' is required by @Test on method login but has not been marked @Optional or defined
in C:\Users\mfron\eclipse-workspace\TestNG\testng.xml
at java.base/java.util.ArrayList.forEach(ArrayList.java:1596)
at java.base/java.util.concurrent.FutureTask.run(FutureTask.java:317)
at java.base/java.util.concurrent.ThreadPoolExecutor.runWorker(ThreadPoolExecutor.java:1144)
at java.base/java.util.concurrent.ThreadPoolExecutor$Worker.run(ThreadPoolExecutor.java:642)
at java.base/java.lang.Thread.run(Thread.java:1583)
... Removed 17 stack frames]]>
    </failure>
  </testcase> <!-- login -->
  <testcase classname="Tests.day3" name="MobileLoginCarLoan" time="0.0">
    <ignored/>
  </testcase> <!-- MobileLoginCarLoan -->
  <testcase classname="Tests.day3" name="MobileLoginCarSignoutLoan" time="0.0">
    <ignored/>
  </testcase> <!-- MobileLoginCarSignoutLoan -->
  <testcase classname="Tests.day3" name="MobileLoginCarLoginLoan" time="0.0">
    <ignored/>
  </testcase> <!-- MobileLoginCarLoginLoan -->
</testsuite> <!-- Car Loan -->
