<?xml version="1.0" encoding="UTF-8"?>
<!-- Generated by org.testng.reporters.JUnitXMLReporter -->
<testsuite ignored="1" hostname="EN1210542" failures="0" tests="2" name="Home Loan" time="0.007" errors="0" timestamp="2024-10-24T18:21:13 EEST">
  <testcase classname="Tests.day2" name="LoginApiHomeLoan" time="0.001"/>
  <testcase classname="Tests.day2" name="WebLoginHomeLoan" time="0.001"/>
  <testcase classname="Tests.day2" name="MobileLoginHomeLoan" time="0.0">
    <ignored/>
  </testcase> <!-- MobileLoginHomeLoan -->
</testsuite> <!-- Home Loan -->
