<?xml version="1.0" encoding="UTF-8"?>
<testng-results ignored="5" total="11" passed="5" failed="1" skipped="0">
  <reporter-output>
  </reporter-output>
  <suite started-at="2024-10-24T18:21:13 EEST" name="Suite" finished-at="2024-10-24T18:21:13 EEST" duration-ms="157">
    <groups>
      <group name="Smoke">
        <method signature="day3.WebLoginCarLoan()[pri:0, instance:Tests.day3@1151e434]" name="WebLoginCarLoan" class="Tests.day3"/>
        <method signature="day2.WebLoginHomeLoan()[pri:0, instance:Tests.day2@72e5a8e]" name="WebLoginHomeLoan" class="Tests.day2"/>
      </group> <!-- Smoke -->
    </groups>
    <test started-at="2024-10-24T18:21:13 EEST" name="PersonalLoan" finished-at="2024-10-24T18:21:13 EEST" duration-ms="34">
      <class name="Tests.day1">
        <test-method signature="demo()[pri:0, instance:Tests.day1@6d3a388c]" started-at="2024-10-24T18:21:13 EEST" name="demo" finished-at="2024-10-24T18:21:13 EEST" duration-ms="8" status="PASS">
          <reporter-output>
          </reporter-output>
        </test-method> <!-- demo -->
      </class> <!-- Tests.day1 -->
    </test> <!-- PersonalLoan -->
    <test started-at="2024-10-24T18:21:13 EEST" name="Car Loan" finished-at="2024-10-24T18:21:13 EEST" duration-ms="40">
      <class name="Tests.day3">
        <test-method is-config="true" signature="runBeforeClass()[pri:0, instance:Tests.day3@1151e434]" started-at="2024-10-24T18:21:13 EEST" name="runBeforeClass" finished-at="2024-10-24T18:21:13 EEST" duration-ms="0" status="PASS">
          <reporter-output>
          </reporter-output>
        </test-method> <!-- runBeforeClass -->
        <test-method is-config="true" signature="runBeforeEveryMethod()[pri:0, instance:Tests.day3@1151e434]" started-at="2024-10-24T18:21:13 EEST" name="runBeforeEveryMethod" finished-at="2024-10-24T18:21:13 EEST" duration-ms="0" status="PASS">
          <reporter-output>
          </reporter-output>
        </test-method> <!-- runBeforeEveryMethod -->
        <test-method signature="LoginApiCarLoan()[pri:0, instance:Tests.day3@1151e434]" started-at="2024-10-24T18:21:13 EEST" name="LoginApiCarLoan" finished-at="2024-10-24T18:21:13 EEST" duration-ms="6" status="PASS">
          <reporter-output>
          </reporter-output>
        </test-method> <!-- LoginApiCarLoan -->
        <test-method is-config="true" signature="runAfterEveryMethod()[pri:0, instance:Tests.day3@1151e434]" started-at="2024-10-24T18:21:13 EEST" name="runAfterEveryMethod" finished-at="2024-10-24T18:21:13 EEST" duration-ms="0" status="PASS">
          <reporter-output>
          </reporter-output>
        </test-method> <!-- runAfterEveryMethod -->
        <test-method is-config="true" signature="runBeforeEveryMethod()[pri:0, instance:Tests.day3@1151e434]" started-at="2024-10-24T18:21:13 EEST" name="runBeforeEveryMethod" finished-at="2024-10-24T18:21:13 EEST" duration-ms="0" status="PASS">
          <reporter-output>
          </reporter-output>
        </test-method> <!-- runBeforeEveryMethod -->
        <test-method signature="WebLoginCarLoan()[pri:0, instance:Tests.day3@1151e434]" started-at="2024-10-24T18:21:13 EEST" name="WebLoginCarLoan" finished-at="2024-10-24T18:21:13 EEST" duration-ms="1" status="PASS">
          <reporter-output>
          </reporter-output>
        </test-method> <!-- WebLoginCarLoan -->
        <test-method is-config="true" signature="runAfterEveryMethod()[pri:0, instance:Tests.day3@1151e434]" started-at="2024-10-24T18:21:13 EEST" name="runAfterEveryMethod" finished-at="2024-10-24T18:21:13 EEST" duration-ms="0" status="PASS">
          <reporter-output>
          </reporter-output>
        </test-method> <!-- runAfterEveryMethod -->
        <test-method signature="login(java.lang.String,java.lang.String)[pri:0, instance:Tests.day3@1151e434]" started-at="2024-10-24T18:21:13 EEST" name="login" finished-at="2024-10-24T18:21:13 EEST" duration-ms="0" status="FAIL">
          <exception class="org.testng.TestNGException">
            <message>
              <![CDATA[
Parameter 'APIKey/username' is required by @Test on method login but has not been marked @Optional or defined
in C:\Users\mfron\eclipse-workspace\TestNG\testng.xml]]>
            </message>
            <full-stacktrace>
              <![CDATA[org.testng.TestNGException: 
Parameter 'APIKey/username' is required by @Test on method login but has not been marked @Optional or defined
in C:\Users\mfron\eclipse-workspace\TestNG\testng.xml
at org.testng.internal.Parameters.createParams(Parameters.java:270)
at org.testng.internal.Parameters.createParametersForMethod(Parameters.java:358)
at org.testng.internal.Parameters.createParameters(Parameters.java:700)
at org.testng.internal.Parameters.handleParameters(Parameters.java:884)
at org.testng.internal.Parameters.handleParameters(Parameters.java:740)
at org.testng.internal.ParameterHandler.handleParameters(ParameterHandler.java:59)
at org.testng.internal.ParameterHandler.createParameters(ParameterHandler.java:38)
at org.testng.internal.TestInvoker$MethodInvocationAgent.invoke(TestInvoker.java:791)
at org.testng.internal.TestInvoker.invokeTestMethods(TestInvoker.java:146)
at org.testng.internal.TestMethodWorker.invokeTestMethods(TestMethodWorker.java:146)
at org.testng.internal.TestMethodWorker.run(TestMethodWorker.java:128)
at java.base/java.util.ArrayList.forEach(ArrayList.java:1596)
at org.testng.TestRunner.privateRun(TestRunner.java:794)
at org.testng.TestRunner.run(TestRunner.java:596)
at org.testng.SuiteRunner.runTest(SuiteRunner.java:377)
at org.testng.SuiteRunner.access$000(SuiteRunner.java:28)
at org.testng.SuiteRunner$SuiteWorker.run(SuiteRunner.java:418)
at org.testng.internal.thread.ThreadUtil.lambda$execute$0(ThreadUtil.java:64)
at java.base/java.util.concurrent.FutureTask.run(FutureTask.java:317)
at java.base/java.util.concurrent.ThreadPoolExecutor.runWorker(ThreadPoolExecutor.java:1144)
at java.base/java.util.concurrent.ThreadPoolExecutor$Worker.run(ThreadPoolExecutor.java:642)
at java.base/java.lang.Thread.run(Thread.java:1583)
]]>
            </full-stacktrace>
          </exception> <!-- org.testng.TestNGException -->
          <reporter-output>
          </reporter-output>
        </test-method> <!-- login -->
        <test-method is-config="true" signature="runAfterClass()[pri:0, instance:Tests.day3@1151e434]" started-at="2024-10-24T18:21:13 EEST" name="runAfterClass" finished-at="2024-10-24T18:21:13 EEST" duration-ms="1" status="PASS">
          <reporter-output>
          </reporter-output>
        </test-method> <!-- runAfterClass -->
      </class> <!-- Tests.day3 -->
    </test> <!-- Car Loan -->
    <test started-at="2024-10-24T18:21:13 EEST" name="Home Loan" finished-at="2024-10-24T18:21:13 EEST" duration-ms="7">
      <class name="Tests.day3">
        <test-method is-config="true" signature="runBeforeSuite()[pri:0, instance:Tests.day3@1151e434]" started-at="2024-10-24T18:21:13 EEST" name="runBeforeSuite" finished-at="2024-10-24T18:21:13 EEST" duration-ms="8" status="PASS">
          <reporter-output>
          </reporter-output>
        </test-method> <!-- runBeforeSuite -->
        <test-method is-config="true" signature="runAfterSuite()[pri:0, instance:Tests.day3@1151e434]" started-at="2024-10-24T18:21:13 EEST" name="runAfterSuite" finished-at="2024-10-24T18:21:13 EEST" duration-ms="1" status="PASS">
          <reporter-output>
          </reporter-output>
        </test-method> <!-- runAfterSuite -->
      </class> <!-- Tests.day3 -->
      <class name="Tests.day2">
        <test-method is-config="true" signature="prerequsities()[pri:0, instance:Tests.day2@72e5a8e]" started-at="2024-10-24T18:21:13 EEST" name="prerequsities" finished-at="2024-10-24T18:21:13 EEST" duration-ms="1" status="PASS">
          <reporter-output>
          </reporter-output>
        </test-method> <!-- prerequsities -->
        <test-method signature="LoginApiHomeLoan()[pri:0, instance:Tests.day2@72e5a8e]" started-at="2024-10-24T18:21:13 EEST" name="LoginApiHomeLoan" finished-at="2024-10-24T18:21:13 EEST" duration-ms="1" status="PASS">
          <reporter-output>
          </reporter-output>
        </test-method> <!-- LoginApiHomeLoan -->
        <test-method signature="WebLoginHomeLoan()[pri:0, instance:Tests.day2@72e5a8e]" started-at="2024-10-24T18:21:13 EEST" name="WebLoginHomeLoan" finished-at="2024-10-24T18:21:13 EEST" duration-ms="1" status="PASS">
          <reporter-output>
          </reporter-output>
        </test-method> <!-- WebLoginHomeLoan -->
        <test-method is-config="true" signature="lastTest()[pri:0, instance:Tests.day2@72e5a8e]" started-at="2024-10-24T18:21:13 EEST" name="lastTest" finished-at="2024-10-24T18:21:13 EEST" duration-ms="0" status="PASS">
          <reporter-output>
          </reporter-output>
        </test-method> <!-- lastTest -->
      </class> <!-- Tests.day2 -->
    </test> <!-- Home Loan -->
  </suite> <!-- Suite -->
</testng-results>
