<?xml version="1.0" encoding="UTF-8"?>
<!-- Generated by org.testng.reporters.JUnitXMLReporter -->
<testsuite ignored="7" hostname="EN1210542" failures="0" tests="3" name="Regression" time="0.047" errors="0" timestamp="2024-10-24T11:30:29 EEST">
  <testcase classname="Tests.day1" name="demo2" time="0.012"/>
  <testcase classname="Tests.day2" name="WebLoginHomeLoan" time="0.002"/>
  <testcase classname="Tests.day3" name="WebLoginCarLoan" time="0.001"/>
  <testcase classname="Tests.day2" name="MobileLoginHomeLoan" time="0.0">
    <ignored/>
  </testcase> <!-- MobileLoginHomeLoan -->
  <testcase classname="Tests.day2" name="LoginApiHomeLoan" time="0.0">
    <ignored/>
  </testcase> <!-- LoginApiHomeLoan -->
  <testcase classname="Tests.day3" name="MobileLoginCarLoan" time="0.0">
    <ignored/>
  </testcase> <!-- MobileLoginCarLoan -->
  <testcase classname="Tests.day1" name="demo" time="0.0">
    <ignored/>
  </testcase> <!-- demo -->
  <testcase classname="Tests.day3" name="LoginApiCarLoan" time="0.0">
    <ignored/>
  </testcase> <!-- LoginApiCarLoan -->
  <testcase classname="Tests.day3" name="MobileLoginCarSignoutLoan" time="0.0">
    <ignored/>
  </testcase> <!-- MobileLoginCarSignoutLoan -->
  <testcase classname="Tests.day3" name="MobileLoginCarLoginLoan" time="0.0">
    <ignored/>
  </testcase> <!-- MobileLoginCarLoginLoan -->
</testsuite> <!-- Regression -->
